生成启动时间为 8/16/2017 4:52:05 PM。
     1>项目“C:\Users\nemo\Documents\Visual Studio 2013\Projects\QtWorkTest\QtGuiApplication1\QtGuiApplication1.vcxproj”在节点 2 上(Build 个目标)。
     1>CustomBuild:
         Moc'ing QtGuiApplication1.h...
         Uic'ing QtGuiApplication1.ui...
         Rcc'ing QtGuiApplication1.qrc...
     1>RCC : warning : No resources in 'C:\Users\nemo\Documents\Visual Studio 2013\Projects\QtWorkTest\QtGuiApplication1\QtGuiApplication1.qrc'.
         
       ClCompile:
         C:\Program Files (x86)\Microsoft Visual Studio 12.0\VC\bin\CL.exe /c /I.\GeneratedFiles /I. /IC:\Qt\Qt5.6.2\5.6\msvc2013\include /I.\GeneratedFiles\Debug /IC:\Qt\Qt5.6.2\5.6\msvc2013\include\QtCore /IC:\Qt\Qt5.6.2\5.6\msvc2013\include\QtGui /IC:\Qt\Qt5.6.2\5.6\msvc2013\include\QtWidgets /Zi /nologo /W1 /WX- /Od /Oy- /D UNICODE /D WIN32 /D WIN64 /D QT_DLL /D QT_CORE_LIB /D QT_GUI_LIB /D QT_WIDGETS_LIB /Gm- /EHsc /MDd /GS /fp:precise /Zc:wchar_t /Zc:forScope /Fo"Debug\\" /Fd"Debug\vc120.pdb" /Gd /TP /analyze- /errorReport:prompt GeneratedFiles\Debug\moc_QtGuiApplication1.cpp QtGuiApplication1.cpp main.cpp
         moc_QtGuiApplication1.cpp
         QtGuiApplication1.cpp
         main.cpp
         正在生成代码...
         C:\Program Files (x86)\Microsoft Visual Studio 12.0\VC\bin\CL.exe /c /I.\GeneratedFiles /I. /IC:\Qt\Qt5.6.2\5.6\msvc2013\include /I.\GeneratedFiles\Debug /IC:\Qt\Qt5.6.2\5.6\msvc2013\include\QtCore /IC:\Qt\Qt5.6.2\5.6\msvc2013\include\QtGui /IC:\Qt\Qt5.6.2\5.6\msvc2013\include\QtWidgets /Zi /nologo /W1 /WX- /Od /Oy- /D UNICODE /D WIN32 /D WIN64 /D QT_DLL /D QT_CORE_LIB /D QT_GUI_LIB /D QT_WIDGETS_LIB /Gm- /EHsc /MDd /GS /fp:precise /Zc:wchar_t /Zc:forScope /Fo"Debug\\" /Fd"Debug\vc120.pdb" /Gd /TP /analyze- /errorReport:prompt GeneratedFiles\qrc_QtGuiApplication1.cpp
         qrc_QtGuiApplication1.cpp
       Link:
         C:\Program Files (x86)\Microsoft Visual Studio 12.0\VC\bin\link.exe /ERRORREPORT:PROMPT /OUT:"C:\Users\nemo\Documents\Visual Studio 2013\Projects\QtWorkTest\Win32\Debug\\QtGuiApplication1.exe" /NOLOGO /LIBPATH:C:\Qt\Qt5.6.2\5.6\msvc2013\lib qtmaind.lib Qt5Cored.lib Qt5Guid.lib Qt5Widgetsd.lib kernel32.lib user32.lib gdi32.lib winspool.lib comdlg32.lib advapi32.lib shell32.lib ole32.lib oleaut32.lib uuid.lib odbc32.lib odbccp32.lib /MANIFEST /MANIFESTUAC:"level='asInvoker' uiAccess='false'" /manifest:embed /DEBUG /PDB:"C:\Users\nemo\Documents\Visual Studio 2013\Projects\QtWorkTest\Win32\Debug\QtGuiApplication1.pdb" /SUBSYSTEM:WINDOWS /TLBID:1 /DYNAMICBASE /NXCOMPAT /IMPLIB:"C:\Users\nemo\Documents\Visual Studio 2013\Projects\QtWorkTest\Win32\Debug\QtGuiApplication1.lib" /MACHINE:X86 /SAFESEH Debug\moc_QtGuiApplication1.obj
         Debug\qrc_QtGuiApplication1.obj
         Debug\main.obj
         Debug\QtGuiApplication1.obj
         QtGuiApplication1.vcxproj -> C:\Users\nemo\Documents\Visual Studio 2013\Projects\QtWorkTest\Win32\Debug\QtGuiApplication1.exe
     1>已完成生成项目“C:\Users\nemo\Documents\Visual Studio 2013\Projects\QtWorkTest\QtGuiApplication1\QtGuiApplication1.vcxproj”(Build 个目标)的操作。

生成成功。

已用时间 00:00:03.29
