c:\users\nemo\documents\visual studio 2013\projects\qtworktest\uploadhandoutdialog\debug\vc120.pdb
c:\users\nemo\documents\visual studio 2013\projects\qtworktest\uploadhandoutdialog\debug\qrc_uploadhandoutdialog.obj
c:\users\nemo\documents\visual studio 2013\projects\qtworktest\uploadhandoutdialog\debug\main.obj
c:\users\nemo\documents\visual studio 2013\projects\qtworktest\uploadhandoutdialog\debug\uploadhandoutdialog.obj
c:\users\nemo\documents\visual studio 2013\projects\qtworktest\uploadhandoutdialog\debug\handoutitem.obj
c:\users\nemo\documents\visual studio 2013\projects\qtworktest\uploadhandoutdialog\debug\moc_uploadhandoutdialog.obj
c:\users\nemo\documents\visual studio 2013\projects\qtworktest\uploadhandoutdialog\debug\moc_handoutitem.obj
c:\users\nemo\documents\visual studio 2013\projects\qtworktest\uploadhandoutdialog\generatedfiles\qrc_uploadhandoutdialog.cpp
c:\users\nemo\documents\visual studio 2013\projects\qtworktest\uploadhandoutdialog\generatedfiles\ui_handoutitem.h
c:\users\nemo\documents\visual studio 2013\projects\qtworktest\uploadhandoutdialog\generatedfiles\debug\moc_handoutitem.cpp
c:\users\nemo\documents\visual studio 2013\projects\qtworktest\uploadhandoutdialog\generatedfiles\debug\moc_uploadhandoutdialog.cpp
c:\users\nemo\documents\visual studio 2013\projects\qtworktest\uploadhandoutdialog\generatedfiles\ui_uploadhandoutdialog.h
c:\users\nemo\documents\visual studio 2013\projects\qtworktest\win32\debug\uploadhandoutdialog.ilk
c:\users\nemo\documents\visual studio 2013\projects\qtworktest\win32\debug\uploadhandoutdialog.exe
c:\users\nemo\documents\visual studio 2013\projects\qtworktest\win32\debug\uploadhandoutdialog.pdb
c:\users\nemo\documents\visual studio 2013\projects\qtworktest\uploadhandoutdialog\debug\uploadha.618d8eef.tlog\cl.command.1.tlog
c:\users\nemo\documents\visual studio 2013\projects\qtworktest\uploadhandoutdialog\debug\uploadha.618d8eef.tlog\cl.read.1.tlog
c:\users\nemo\documents\visual studio 2013\projects\qtworktest\uploadhandoutdialog\debug\uploadha.618d8eef.tlog\cl.write.1.tlog
c:\users\nemo\documents\visual studio 2013\projects\qtworktest\uploadhandoutdialog\debug\uploadha.618d8eef.tlog\custombuild.command.1.tlog
c:\users\nemo\documents\visual studio 2013\projects\qtworktest\uploadhandoutdialog\debug\uploadha.618d8eef.tlog\custombuild.read.1.tlog
c:\users\nemo\documents\visual studio 2013\projects\qtworktest\uploadhandoutdialog\debug\uploadha.618d8eef.tlog\custombuild.write.1.tlog
c:\users\nemo\documents\visual studio 2013\projects\qtworktest\uploadhandoutdialog\debug\uploadha.618d8eef.tlog\link.command.1.tlog
c:\users\nemo\documents\visual studio 2013\projects\qtworktest\uploadhandoutdialog\debug\uploadha.618d8eef.tlog\link.read.1.tlog
c:\users\nemo\documents\visual studio 2013\projects\qtworktest\uploadhandoutdialog\debug\uploadha.618d8eef.tlog\link.write.1.tlog
